0 info it worked if it ends with ok
1 verbose cli [ '/Users/tyreus/.nvm/versions/node/v4.3.2/bin/node',
1 verbose cli   '/Users/tyreus/.nvm/versions/node/v4.3.2/bin/npm',
1 verbose cli   'run',
1 verbose cli   'build' ]
2 info using npm@2.14.12
3 info using node@v4.3.2
4 verbose run-script [ 'prebuild', 'build', 'postbuild' ]
5 info prebuild @peck/request-lite@1.0.4
6 info build @peck/request-lite@1.0.4
7 verbose unsafe-perm in lifecycle true
8 info @peck/request-lite@1.0.4 Failed to exec build script
9 verbose stack Error: @peck/request-lite@1.0.4 build: `tsc -p tsconfig.json`
9 verbose stack Exit status 2
9 verbose stack     at EventEmitter.<anonymous> (/Users/tyreus/.nvm/versions/node/v4.3.2/lib/node_modules/npm/lib/utils/lifecycle.js:214:16)
9 verbose stack     at emitTwo (events.js:87:13)
9 verbose stack     at EventEmitter.emit (events.js:172:7)
9 verbose stack     at ChildProcess.<anonymous> (/Users/tyreus/.nvm/versions/node/v4.3.2/lib/node_modules/npm/lib/utils/spawn.js:24:14)
9 verbose stack     at emitTwo (events.js:87:13)
9 verbose stack     at ChildProcess.emit (events.js:172:7)
9 verbose stack     at maybeClose (internal/child_process.js:821:16)
9 verbose stack     at Process.ChildProcess._handle.onexit (internal/child_process.js:211:5)
10 verbose pkgid @peck/request-lite@1.0.4
11 verbose cwd /Users/tyreus/Projects/peck/request-lite
12 error Darwin 16.7.0
13 error argv "/Users/tyreus/.nvm/versions/node/v4.3.2/bin/node" "/Users/tyreus/.nvm/versions/node/v4.3.2/bin/npm" "run" "build"
14 error node v4.3.2
15 error npm  v2.14.12
16 error code ELIFECYCLE
17 error @peck/request-lite@1.0.4 build: `tsc -p tsconfig.json`
17 error Exit status 2
18 error Failed at the @peck/request-lite@1.0.4 build script 'tsc -p tsconfig.json'.
18 error This is most likely a problem with the @peck/request-lite package,
18 error not with npm itself.
18 error Tell the author that this fails on your system:
18 error     tsc -p tsconfig.json
18 error You can get their info via:
18 error     npm owner ls @peck/request-lite
18 error There is likely additional logging output above.
19 verbose exit [ 1, true ]
